0 info it worked if it ends with ok
1 verbose cli [ '/Users/grantgarland/.nvm/versions/node/v7.0.0/bin/node',
1 verbose cli   '/Users/grantgarland/.nvm/versions/node/v7.0.0/bin/npm',
1 verbose cli   'start' ]
2 info using npm@4.0.2
3 info using node@v7.0.0
4 verbose run-script [ 'prestart', 'start', 'poststart' ]
5 info lifecycle slova@0.0.0~prestart: slova@0.0.0
6 silly lifecycle slova@0.0.0~prestart: no script for prestart, continuing
7 info lifecycle slova@0.0.0~start: slova@0.0.0
8 verbose lifecycle slova@0.0.0~start: unsafe-perm in lifecycle true
9 verbose lifecycle slova@0.0.0~start: PATH: /Users/grantgarland/.nvm/versions/node/v7.0.0/lib/node_modules/npm/bin/node-gyp-bin:/Users/grantgarland/Projects/Capstone/slova_angular_rails/angular/node_modules/.bin:/Users/grantgarland/.rvm/gems/ruby-2.2.3/bin:/Users/grantgarland/.rvm/gems/ruby-2.2.3@global/bin:/Users/grantgarland/.rvm/rubies/ruby-2.2.3/bin:/Library/Frameworks/Python.framework/Versions/2.7/bin:/Users/grantgarland/.nvm/versions/node/v7.0.0/bin:/usr/local/bin:/usr/bin:/bin:/usr/sbin:/sbin:/opt/X11/bin:/Applications/Postgres.app/Contents/Versions/latest/bin:/Users/grantgarland/.rvm/bin
10 verbose lifecycle slova@0.0.0~start: CWD: /Users/grantgarland/Projects/Capstone/slova_angular_rails/angular
11 silly lifecycle slova@0.0.0~start: Args: [ '-c', 'ng serve' ]
12 info lifecycle slova@0.0.0~start: Failed to exec start script
13 verbose stack Error: slova@0.0.0 start: `ng serve`
13 verbose stack spawn ENOENT
13 verbose stack     at ChildProcess.<anonymous> (/Users/grantgarland/.nvm/versions/node/v7.0.0/lib/node_modules/npm/lib/utils/spawn.js:33:16)
13 verbose stack     at emitTwo (events.js:106:13)
13 verbose stack     at ChildProcess.emit (events.js:191:7)
13 verbose stack     at maybeClose (internal/child_process.js:877:16)
13 verbose stack     at Process.ChildProcess._handle.onexit (internal/child_process.js:226:5)
14 verbose pkgid slova@0.0.0
15 verbose cwd /Users/grantgarland/Projects/Capstone/slova_angular_rails/angular
16 error Darwin 15.6.0
17 error argv "/Users/grantgarland/.nvm/versions/node/v7.0.0/bin/node" "/Users/grantgarland/.nvm/versions/node/v7.0.0/bin/npm" "start"
18 error node v7.0.0
19 error npm  v4.0.2
20 error file sh
21 error code ELIFECYCLE
22 error errno ENOENT
23 error syscall spawn
24 error slova@0.0.0 start: `ng serve`
24 error spawn ENOENT
25 error Failed at the slova@0.0.0 start script 'ng serve'.
25 error Make sure you have the latest version of node.js and npm installed.
25 error If you do, this is most likely a problem with the slova package,
25 error not with npm itself.
25 error Tell the author that this fails on your system:
25 error     ng serve
25 error You can get information on how to open an issue for this project with:
25 error     npm bugs slova
25 error Or if that isn't available, you can get their info via:
25 error     npm owner ls slova
25 error There is likely additional logging output above.
26 verbose exit [ 1, true ]
